<?xml version="1.0" encoding="UTF-8"?>
<testsuite xmlns:xsi="http://www.w3.org/2001/XMLSchema-instance" xsi:noNamespaceSchemaLocation="https://maven.apache.org/surefire/maven-surefire-plugin/xsd/surefire-test-report.xsd" version="3.0.2" name="org.graphicsEditor.GShapeTest" time="0.054" tests="7" errors="0" skipped="0" failures="0">
  <properties>
[...]
</properties>
  <testcase name="testSetLocation0_updatesOrigin" classname="org.graphicsEditor.GShapeTest" time="0.006"/>
  <testcase name="testSetSize_zero" classname="org.graphicsEditor.GShapeTest" time="0.005"/>
  <testcase name="testSetSize_calculatesEndFromOrigin" classname="org.graphicsEditor.GShapeTest" time="0.027"/>
  <testcase name="testSetLocation1_updatesEnd" classname="org.graphicsEditor.GShapeTest" time="0.002"/>
  <testcase name="testConstructor_setsCoordinates" classname="org.graphicsEditor.GShapeTest" time="0.002"/>
  <testcase name="testDraw_drawsBlackRectangle" classname="org.graphicsEditor.GShapeTest" time="0.001"/>
  <testcase name="testDraw_interiorIsWhite" classname="org.graphicsEditor.GShapeTest" time="0.002"/>
</testsuite>